<?xml version="1.0" encoding="UTF-8"?>
<testng-results ignored="0" total="3" passed="3" failed="0" skipped="0">
  <reporter-output>
  </reporter-output>
  <suite started-at="2022-11-05T14:06:35 IST" name="Suite" finished-at="2022-11-05T14:08:18 IST" duration-ms="103127">
    <groups>
    </groups>
    <test started-at="2022-11-05T14:06:35 IST" name="Testonedge" finished-at="2022-11-05T14:07:31 IST" duration-ms="55799">
      <class name="baselibrary.Baselibrary">
        <test-method is-config="true" signature="geturl(java.lang.String)[pri:0, instance:baselibrary.Baselibrary@194bcebf]" started-at="2022-11-05T14:06:35 IST" name="geturl" finished-at="2022-11-05T14:06:48 IST" duration-ms="12974" status="PASS">
          <params>
            <param index="0">
              <value>
                <![CDATA[edge]]>
              </value>
            </param>
          </params>
          <reporter-output>
          </reporter-output>
        </test-method> <!-- geturl -->
        <test-method signature="verifytitle()[pri:0, instance:baselibrary.Baselibrary@194bcebf]" started-at="2022-11-05T14:06:48 IST" name="verifytitle" finished-at="2022-11-05T14:07:29 IST" duration-ms="40550" status="PASS">
          <reporter-output>
          </reporter-output>
        </test-method> <!-- verifytitle -->
        <test-method is-config="true" signature="quittt()[pri:0, instance:baselibrary.Baselibrary@194bcebf]" started-at="2022-11-05T14:07:29 IST" name="quittt" finished-at="2022-11-05T14:07:31 IST" duration-ms="2145" status="PASS">
          <reporter-output>
          </reporter-output>
        </test-method> <!-- quittt -->
      </class> <!-- baselibrary.Baselibrary -->
    </test> <!-- Testonedge -->
    <test started-at="2022-11-05T14:06:35 IST" name="Testonchrome" finished-at="2022-11-05T14:07:46 IST" duration-ms="71060">
      <class name="baselibrary.Baselibrary">
        <test-method is-config="true" signature="geturl(java.lang.String)[pri:0, instance:baselibrary.Baselibrary@3059cbc]" started-at="2022-11-05T14:06:35 IST" name="geturl" finished-at="2022-11-05T14:06:54 IST" duration-ms="19149" status="PASS">
          <params>
            <param index="0">
              <value>
                <![CDATA[chrome]]>
              </value>
            </param>
          </params>
          <reporter-output>
          </reporter-output>
        </test-method> <!-- geturl -->
        <test-method signature="verifytitle()[pri:0, instance:baselibrary.Baselibrary@3059cbc]" started-at="2022-11-05T14:06:54 IST" name="verifytitle" finished-at="2022-11-05T14:07:43 IST" duration-ms="48141" status="PASS">
          <reporter-output>
          </reporter-output>
        </test-method> <!-- verifytitle -->
        <test-method is-config="true" signature="quittt()[pri:0, instance:baselibrary.Baselibrary@3059cbc]" started-at="2022-11-05T14:07:43 IST" name="quittt" finished-at="2022-11-05T14:07:46 IST" duration-ms="3658" status="PASS">
          <reporter-output>
          </reporter-output>
        </test-method> <!-- quittt -->
      </class> <!-- baselibrary.Baselibrary -->
    </test> <!-- Testonchrome -->
    <test started-at="2022-11-05T14:06:35 IST" name="Testonfirefox" finished-at="2022-11-05T14:08:18 IST" duration-ms="103126">
      <class name="baselibrary.Baselibrary">
        <test-method is-config="true" signature="geturl(java.lang.String)[pri:0, instance:baselibrary.Baselibrary@53ce1329]" started-at="2022-11-05T14:06:35 IST" name="geturl" finished-at="2022-11-05T14:07:53 IST" duration-ms="77257" status="PASS">
          <params>
            <param index="0">
              <value>
                <![CDATA[firefox]]>
              </value>
            </param>
          </params>
          <reporter-output>
          </reporter-output>
        </test-method> <!-- geturl -->
        <test-method signature="verifytitle()[pri:0, instance:baselibrary.Baselibrary@53ce1329]" started-at="2022-11-05T14:07:53 IST" name="verifytitle" finished-at="2022-11-05T14:08:12 IST" duration-ms="19161" status="PASS">
          <reporter-output>
          </reporter-output>
        </test-method> <!-- verifytitle -->
        <test-method is-config="true" signature="quittt()[pri:0, instance:baselibrary.Baselibrary@53ce1329]" started-at="2022-11-05T14:08:12 IST" name="quittt" finished-at="2022-11-05T14:08:18 IST" duration-ms="6594" status="PASS">
          <reporter-output>
          </reporter-output>
        </test-method> <!-- quittt -->
      </class> <!-- baselibrary.Baselibrary -->
    </test> <!-- Testonfirefox -->
  </suite> <!-- Suite -->
</testng-results>
